-outxml
-source
1.6
-target
1.6
-classpath
C:\Documents and Settings\jianliu\.m2\repository\antlr\antlr\2.7.6\antlr-2.7.6.jar;C:\Documents and Settings\jianliu\.m2\repository\aopalliance\aopalliance\1.0\aopalliance-1.0.jar;C:\Documents and Settings\jianliu\.m2\repository\cglib\cglib-nodep\2.2\cglib-nodep-2.2.jar;C:\Documents and Settings\jianliu\.m2\repository\commons-beanutils\commons-beanutils\1.8.0\commons-beanutils-1.8.0.jar;C:\Documents and Settings\jianliu\.m2\repository\commons-collections\commons-collections\3.1\commons-collections-3.1.jar;C:\Documents and Settings\jianliu\.m2\repository\commons-dbcp\commons-dbcp\1.3\commons-dbcp-1.3.jar;C:\Documents and Settings\jianliu\.m2\repository\commons-digester\commons-digester\2.0\commons-digester-2.0.jar;C:\Documents and Settings\jianliu\.m2\repository\commons-fileupload\commons-fileupload\1.2.1\commons-fileupload-1.2.1.jar;C:\Documents and Settings\jianliu\.m2\repository\commons-pool\commons-pool\1.5.4\commons-pool-1.5.4.jar;C:\Documents and Settings\jianliu\.m2\repository\dom4j\dom4j\1.6.1\dom4j-1.6.1.jar;C:\Documents and Settings\jianliu\.m2\repository\javassist\javassist\3.9.0.GA\javassist-3.9.0.GA.jar;C:\Documents and Settings\jianliu\.m2\repository\javax\activation\activation\1.1.1\activation-1.1.1.jar;C:\Documents and Settings\jianliu\.m2\repository\javax\el\el-api\1.0\el-api-1.0.jar;C:\Documents and Settings\jianliu\.m2\repository\javax\mail\mail\1.4.1\mail-1.4.1.jar;C:\Documents and Settings\jianliu\.m2\repository\javax\servlet\jstl\1.2\jstl-1.2.jar;C:\Documents and Settings\jianliu\.m2\repository\javax\servlet\servlet-api\2.5\servlet-api-2.5.jar;C:\Documents and Settings\jianliu\.m2\repository\javax\servlet\jsp\jsp-api\2.1\jsp-api-2.1.jar;C:\Documents and Settings\jianliu\.m2\repository\javax\transaction\jta\1.1\jta-1.1.jar;C:\Documents and Settings\jianliu\.m2\repository\javax\validation\validation-api\1.0.0.GA\validation-api-1.0.0.GA.jar;C:\Documents and Settings\jianliu\.m2\repository\joda-time\joda-time\1.6\joda-time-1.6.jar;C:\Documents and Settings\jianliu\.m2\repository\log4j\log4j\1.2.16\log4j-1.2.16.jar;C:\Documents and Settings\jianliu\.m2\repository\mysql\mysql-connector-java\5.1.13\mysql-connector-java-5.1.13.jar;C:\Documents and Settings\jianliu\.m2\repository\net\sf\flexjson\flexjson\2.0\flexjson-2.0.jar;C:\Documents and Settings\jianliu\.m2\repository\org\apache\tiles\tiles-api\2.2.1\tiles-api-2.2.1.jar;C:\Documents and Settings\jianliu\.m2\repository\org\apache\tiles\tiles-core\2.2.1\tiles-core-2.2.1.jar;C:\Documents and Settings\jianliu\.m2\repository\org\apache\tiles\tiles-jsp\2.2.1\tiles-jsp-2.2.1.jar;C:\Documents and Settings\jianliu\.m2\repository\org\apache\tiles\tiles-servlet\2.2.1\tiles-servlet-2.2.1.jar;C:\Documents and Settings\jianliu\.m2\repository\org\apache\tiles\tiles-template\2.2.1\tiles-template-2.2.1.jar;C:\Documents and Settings\jianliu\.m2\repository\org\aspectj\aspectjrt\1.6.10\aspectjrt-1.6.10.jar;C:\Documents and Settings\jianliu\.m2\repository\org\aspectj\aspectjweaver\1.6.10\aspectjweaver-1.6.10.jar;C:\Documents and Settings\jianliu\.m2\repository\org\hibernate\hibernate-annotations\3.5.5-Final\hibernate-annotations-3.5.5-Final.jar;C:\Documents and Settings\jianliu\.m2\repository\org\hibernate\hibernate-commons-annotations\3.2.0.Final\hibernate-commons-annotations-3.2.0.Final.jar;C:\Documents and Settings\jianliu\.m2\repository\org\hibernate\hibernate-core\3.5.5-Final\hibernate-core-3.5.5-Final.jar;C:\Documents and Settings\jianliu\.m2\repository\org\hibernate\hibernate-entitymanager\3.5.5-Final\hibernate-entitymanager-3.5.5-Final.jar;C:\Documents and Settings\jianliu\.m2\repository\org\hibernate\hibernate-validator\4.1.0.Final\hibernate-validator-4.1.0.Final.jar;C:\Documents and Settings\jianliu\.m2\repository\org\hibernate\javax\persistence\hibernate-jpa-2.0-api\1.0.0.Final\hibernate-jpa-2.0-api-1.0.0.Final.jar;C:\Documents and Settings\jianliu\.m2\repository\org\slf4j\jcl-over-slf4j\1.6.1\jcl-over-slf4j-1.6.1.jar;C:\Documents and Settings\jianliu\.m2\repository\org\slf4j\slf4j-api\1.6.1\slf4j-api-1.6.1.jar;C:\Documents and Settings\jianliu\.m2\repository\org\slf4j\slf4j-log4j12\1.6.1\slf4j-log4j12-1.6.1.jar;C:\Documents and Settings\jianliu\.m2\repository\org\springframework\spring-aop\3.0.5.RELEASE\spring-aop-3.0.5.RELEASE.jar;C:\Documents and Settings\jianliu\.m2\repository\org\springframework\spring-asm\3.0.5.RELEASE\spring-asm-3.0.5.RELEASE.jar;C:\Documents and Settings\jianliu\.m2\repository\org\springframework\spring-aspects\3.0.5.RELEASE\spring-aspects-3.0.5.RELEASE.jar;C:\Documents and Settings\jianliu\.m2\repository\org\springframework\spring-beans\3.0.5.RELEASE\spring-beans-3.0.5.RELEASE.jar;C:\Documents and Settings\jianliu\.m2\repository\org\springframework\spring-context\3.0.5.RELEASE\spring-context-3.0.5.RELEASE.jar;C:\Documents and Settings\jianliu\.m2\repository\org\springframework\spring-context-support\3.0.5.RELEASE\spring-context-support-3.0.5.RELEASE.jar;C:\Documents and Settings\jianliu\.m2\repository\org\springframework\spring-core\3.0.5.RELEASE\spring-core-3.0.5.RELEASE.jar;C:\Documents and Settings\jianliu\.m2\repository\org\springframework\spring-expression\3.0.5.RELEASE\spring-expression-3.0.5.RELEASE.jar;C:\Documents and Settings\jianliu\.m2\repository\org\springframework\spring-jdbc\3.0.5.RELEASE\spring-jdbc-3.0.5.RELEASE.jar;C:\Documents and Settings\jianliu\.m2\repository\org\springframework\spring-orm\3.0.5.RELEASE\spring-orm-3.0.5.RELEASE.jar;C:\Documents and Settings\jianliu\.m2\repository\org\springframework\spring-tx\3.0.5.RELEASE\spring-tx-3.0.5.RELEASE.jar;C:\Documents and Settings\jianliu\.m2\repository\org\springframework\spring-web\3.0.5.RELEASE\spring-web-3.0.5.RELEASE.jar;C:\Documents and Settings\jianliu\.m2\repository\org\springframework\spring-webmvc\3.0.5.RELEASE\spring-webmvc-3.0.5.RELEASE.jar;C:\Documents and Settings\jianliu\.m2\repository\org\springframework\roo\org.springframework.roo.annotations\1.1.0.RELEASE\org.springframework.roo.annotations-1.1.0.RELEASE.jar;C:\Documents and Settings\jianliu\.m2\repository\org\springframework\security\spring-security-acl\3.0.2.RELEASE\spring-security-acl-3.0.2.RELEASE.jar;C:\Documents and Settings\jianliu\.m2\repository\org\springframework\security\spring-security-config\3.0.2.RELEASE\spring-security-config-3.0.2.RELEASE.jar;C:\Documents and Settings\jianliu\.m2\repository\org\springframework\security\spring-security-core\3.0.2.RELEASE\spring-security-core-3.0.2.RELEASE.jar;C:\Documents and Settings\jianliu\.m2\repository\org\springframework\security\spring-security-taglibs\3.0.2.RELEASE\spring-security-taglibs-3.0.2.RELEASE.jar;C:\Documents and Settings\jianliu\.m2\repository\org\springframework\security\spring-security-web\3.0.2.RELEASE\spring-security-web-3.0.2.RELEASE.jar;C:\Documents and Settings\jianliu\.m2\repository\org\springframework\webflow\spring-js-resources\2.2.0.RELEASE\spring-js-resources-2.2.0.RELEASE.jar;C:\Documents and Settings\jianliu\.m2\repository\xml-apis\xml-apis\1.0.b2\xml-apis-1.0.b2.jar;D:\workspace\Roo\target\classes
-aspectpath
C:\Documents and Settings\jianliu\.m2\repository\org\springframework\spring-aspects\3.0.5.RELEASE\spring-aspects-3.0.5.RELEASE.jar
-d
D:\workspace\Roo\target\classes
D:\workspace\Roo\src\main\java\com\kingkey\qn\web\AnswerController.java
D:\workspace\Roo\src\main\java\com\kingkey\qn\domain\QuestionOption_Roo_JavaBean.aj
D:\workspace\Roo\src\main\java\com\kingkey\qn\domain\Part_Roo_Entity.aj
D:\workspace\Roo\src\main\java\com\kingkey\qn\domain\Question_Roo_JavaBean.aj
D:\workspace\Roo\src\main\java\com\kingkey\qn\domain\Question_Roo_Entity.aj
D:\workspace\Roo\src\main\java\com\kingkey\qn\domain\QuestionnaireType.java
D:\workspace\Roo\src\main\java\com\kingkey\qn\web\CompanyController_Roo_Controller.aj
D:\workspace\Roo\src\main\java\com\kingkey\qn\domain\Department_Roo_Configurable.aj
D:\workspace\Roo\src\main\java\com\kingkey\qn\domain\Company_Roo_JavaBean.aj
D:\workspace\Roo\src\main\java\com\kingkey\qn\domain\Questionnaire_Roo_ToString.aj
D:\workspace\Roo\src\main\java\com\kingkey\qn\web\QuestionOptionController_Roo_Controller.aj
D:\workspace\Roo\src\main\java\com\kingkey\qn\domain\Questionnaire.java
D:\workspace\Roo\src\main\java\com\kingkey\qn\vo\PartVo_Roo_JavaBean.aj
D:\workspace\Roo\src\main\java\com\kingkey\qn\vo\QuestionOptionVo.java
D:\workspace\Roo\src\main\java\com\kingkey\qn\domain\Answer.java
D:\workspace\Roo\src\main\java\com\kingkey\qn\web\DepartmentController_Roo_Controller.aj
D:\workspace\Roo\src\main\java\com\kingkey\qn\web\QuestionnaireController_Roo_Controller.aj
D:\workspace\Roo\src\main\java\com\kingkey\qn\vo\QuestionOptionVo_Roo_JavaBean.aj
D:\workspace\Roo\src\main\java\com\kingkey\qn\domain\Question_Roo_Configurable.aj
D:\workspace\Roo\src\main\java\com\kingkey\qn\domain\QuestionType.java
D:\workspace\Roo\src\main\java\com\kingkey\qn\web\CompanyController.java
D:\workspace\Roo\src\main\java\com\kingkey\qn\domain\Part_Roo_Configurable.aj
D:\workspace\Roo\src\main\java\com\kingkey\qn\domain\Part.java
D:\workspace\Roo\src\main\java\com\kingkey\qn\domain\Department_Roo_ToString.aj
D:\workspace\Roo\src\main\java\com\kingkey\qn\domain\Answer_Roo_Configurable.aj
D:\workspace\Roo\src\main\java\com\kingkey\qn\domain\Questionnaire_Roo_Entity.aj
D:\workspace\Roo\src\main\java\com\kingkey\qn\domain\SystemUser_Roo_ToString.aj
D:\workspace\Roo\src\main\java\com\kingkey\qn\domain\Question_Roo_ToString.aj
D:\workspace\Roo\src\main\java\com\kingkey\qn\web\SystemUserController.java
D:\workspace\Roo\src\main\java\com\kingkey\qn\domain\SystemUser_Roo_Configurable.aj
D:\workspace\Roo\src\main\java\com\kingkey\qn\domain\QuestionOption_Roo_Configurable.aj
D:\workspace\Roo\src\main\java\com\kingkey\qn\web\QuestionnaireController.java
D:\workspace\Roo\src\main\java\com\kingkey\qn\domain\AnswerSheet_Roo_Finder.aj
D:\workspace\Roo\src\main\java\com\kingkey\qn\domain\Part_Roo_ToString.aj
D:\workspace\Roo\src\main\java\com\kingkey\qn\domain\Questionnaire_Roo_JavaBean.aj
D:\workspace\Roo\src\main\java\com\kingkey\qn\domain\AnswerSheet_Roo_ToString.aj
D:\workspace\Roo\src\main\java\com\kingkey\qn\domain\Questionnaire_Roo_Configurable.aj
D:\workspace\Roo\src\main\java\com\kingkey\qn\domain\Answer_Roo_ToString.aj
D:\workspace\Roo\src\main\java\com\kingkey\qn\domain\QuestionOption_Roo_Entity.aj
D:\workspace\Roo\src\main\java\com\kingkey\qn\domain\AnswerSheet.java
D:\workspace\Roo\src\main\java\com\kingkey\qn\domain\Permission.java
D:\workspace\Roo\src\main\java\com\kingkey\qn\web\PartController.java
D:\workspace\Roo\src\main\java\com\kingkey\qn\domain\Part_Roo_JavaBean.aj
D:\workspace\Roo\src\main\java\com\kingkey\qn\domain\SystemUser.java
D:\workspace\Roo\src\main\java\com\kingkey\qn\vo\QuestionVo_Roo_JavaBean.aj
D:\workspace\Roo\src\main\java\com\kingkey\qn\vo\QuestionVo.java
D:\workspace\Roo\src\main\java\com\kingkey\qn\domain\Company.java
D:\workspace\Roo\src\main\java\com\kingkey\qn\domain\Company_Roo_Entity.aj
D:\workspace\Roo\src\main\java\com\kingkey\qn\vo\QuestionnaireVo_Roo_JavaBean.aj
D:\workspace\Roo\src\main\java\com\kingkey\qn\web\DepartmentController.java
D:\workspace\Roo\src\main\java\com\kingkey\qn\web\QuestionController_Roo_Controller.aj
D:\workspace\Roo\src\main\java\com\kingkey\qn\domain\Company_Roo_Configurable.aj
D:\workspace\Roo\src\main\java\com\kingkey\qn\domain\Department_Roo_Entity.aj
D:\workspace\Roo\src\main\java\com\kingkey\qn\domain\Answer_Roo_Entity.aj
D:\workspace\Roo\src\main\java\com\kingkey\qn\domain\AnswerSheet_Roo_Configurable.aj
D:\workspace\Roo\src\main\java\com\kingkey\qn\domain\QuestionOption_Roo_ToString.aj
D:\workspace\Roo\src\main\java\com\kingkey\qn\security\UserInfo.java
D:\workspace\Roo\src\main\java\com\kingkey\qn\security\UserDetailsService.java
D:\workspace\Roo\src\main\java\com\kingkey\qn\security\SystemUserGrantedAuthority.java
D:\workspace\Roo\src\main\java\com\kingkey\qn\domain\SystemUser_Roo_Entity.aj
D:\workspace\Roo\src\main\java\com\kingkey\qn\vo\PartVo.java
D:\workspace\Roo\src\main\java\com\kingkey\qn\security\AuthorityService.java
D:\workspace\Roo\src\main\java\com\kingkey\qn\web\QuestionOptionController.java
D:\workspace\Roo\src\main\java\com\kingkey\qn\domain\QuestionOption.java
D:\workspace\Roo\src\main\java\com\kingkey\qn\web\SystemUserController_Roo_Controller.aj
D:\workspace\Roo\src\main\java\com\kingkey\qn\domain\Department_Roo_JavaBean.aj
D:\workspace\Roo\src\main\java\com\kingkey\qn\domain\AnswerSheet_Roo_Entity.aj
D:\workspace\Roo\src\main\java\com\kingkey\qn\vo\QuestionnaireVo.java
D:\workspace\Roo\src\main\java\com\kingkey\qn\domain\AnswerSheet_Roo_JavaBean.aj
D:\workspace\Roo\src\main\java\com\kingkey\qn\domain\Answer_Roo_JavaBean.aj
D:\workspace\Roo\src\main\java\com\kingkey\qn\web\QuestionController.java
D:\workspace\Roo\src\main\java\com\kingkey\qn\domain\Question.java
D:\workspace\Roo\src\main\java\com\kingkey\qn\web\AnswerSheetController.java
D:\workspace\Roo\src\main\java\com\kingkey\qn\web\PartController_Roo_Controller.aj
D:\workspace\Roo\src\main\java\com\kingkey\qn\web\AnswerSheetController_Roo_Controller.aj
D:\workspace\Roo\src\main\java\com\kingkey\qn\domain\Department.java
D:\workspace\Roo\src\main\java\com\kingkey\qn\domain\SystemUser_Roo_JavaBean.aj
